[00:00:21] [Server thread/INFO]: KoreanwGlasses lost connection: TextComponent{text='Disconnected', siblings=[], style=Style{hasParent=false, color=null, bold=null, italic=null, underlined=null, obfuscated=null, clickEvent=null, hoverEvent=null, insertion=null}}
[00:00:21] [Server thread/INFO]: KoreanwGlasses left the game
[00:00:44] [User Authenticator #5/INFO]: UUID of player KoreanwGlasses is 9ed909d8-ac8e-4615-9191-52a800ccf83f
[00:00:46] [Server thread/INFO]: KoreanwGlasses[/129.161.240.210:54605] logged in with entity id 9415 at (8.643186977332824, 73.0, -139.2918870737711)
[00:00:46] [Server thread/INFO]: KoreanwGlasses joined the game
[00:01:17] [User Authenticator #6/INFO]: UUID of player sinjideo is d42dbaa7-00b0-4719-9f24-d0f9099a62e5
[00:01:20] [Server thread/INFO]: sinjideo[/129.161.241.182:62461] logged in with entity id 9695 at (-134.5, 60.0, -161.5)
[00:01:20] [Server thread/INFO]: sinjideo joined the game
[00:01:49] [Server thread/INFO]: sinjideo drowned
[00:02:24] [Server thread/INFO]: KoreanwGlasses was slain by Zombie
[00:02:45] [Server thread/INFO]: KoreanwGlasses has just earned the achievement [Getting Wood]
[00:04:25] [Server thread/INFO]: sinjideo had their world rocked!
[00:04:36] [Server thread/INFO]: KoreanwGlasses has just earned the achievement [Benchmarking]
[00:04:49] [Server thread/INFO]: KoreanwGlasses has just earned the achievement [Time to Mine!]
[00:05:04] [Server thread/INFO]: KoreanwGlasses has just earned the achievement [Getting an Upgrade]
[00:05:09] [Server thread/INFO]: sinjideo had their world rocked!
[00:05:32] [Server thread/INFO]: KoreanwGlasses was shot by Skeleton
[00:06:24] [Server thread/INFO]: sinjideo has just earned the achievement [Taking Inventory]
[00:07:09] [Server thread/INFO]: KoreanwGlasses was slain by Zombie
[00:09:09] [User Authenticator #7/INFO]: UUID of player Sir_Jhaeros is febe46b0-4476-4013-ac14-27b932cf7d03
[00:09:12] [Server thread/INFO]: Sir_Jhaeros[/129.161.241.240:55501] logged in with entity id 15187 at (-17.976873790724245, 77.0, -163.20747197209252)
[00:09:12] [Server thread/INFO]: Sir_Jhaeros joined the game
[00:09:31] [Server thread/INFO]: KoreanwGlasses has just earned the achievement [Time to Strike!]
[00:10:02] [Server thread/INFO]: KoreanwGlasses was blown up by Creeper
[00:10:08] [Server thread/INFO]: Sir_Jhaeros has just earned the achievement [Getting an Upgrade]
[00:11:41] [Server thread/INFO]: Sir_Jhaeros was blown up by Creeper
[00:12:46] [Server thread/INFO]: sinjideo fell from a high place
[00:13:19] [Server thread/INFO]: sinjideo has just earned the achievement [Getting Wood]
[00:19:40] [Server thread/INFO]: sinjideo was shot by Skeleton
[00:22:43] [Server thread/INFO]: Sir_Jhaeros has just earned the achievement [Hot Topic]
[00:25:04] [Server thread/INFO]: Sir_Jhaeros was shot by Skeleton
[00:25:49] [Server thread/INFO]: Sir_Jhaeros was incinerated.
[00:28:38] [Server thread/INFO]: KoreanwGlasses has just earned the achievement [Hot Topic]
[00:29:01] [Server thread/INFO]: KoreanwGlasses has just earned the achievement [Acquire Hardware]
[00:29:41] [Server thread/INFO]: KoreanwGlasses has just earned the achievement [DIAMONDS!]
[00:30:23] [Server thread/INFO]: sinjideo has just earned the achievement [Tech-Tree Start]
[00:33:11] [Server thread/INFO]: Sir_Jhaeros has just earned the achievement [Acquire Hardware]
[00:43:43] [Server thread/INFO]: KoreanwGlasses has just earned the achievement [Monster Hunter]
[00:44:59] [Server thread/INFO]: sinjideo was shot by Skeleton
[00:47:56] [Server thread/INFO]: KoreanwGlasses lost connection: TextComponent{text='Disconnected', siblings=[], style=Style{hasParent=false, color=null, bold=null, italic=null, underlined=null, obfuscated=null, clickEvent=null, hoverEvent=null, insertion=null}}
[00:47:56] [Server thread/INFO]: KoreanwGlasses left the game
[00:48:19] [User Authenticator #8/INFO]: UUID of player KoreanwGlasses is 9ed909d8-ac8e-4615-9191-52a800ccf83f
[00:48:21] [Server thread/INFO]: KoreanwGlasses[/129.161.240.210:54720] logged in with entity id 44259 at (-43.19926108273165, 11.0, -187.98832009279877)
[00:48:21] [Server thread/INFO]: KoreanwGlasses joined the game
[00:51:54] [Server thread/INFO]: KoreanwGlasses has just earned the achievement [Tech-Tree Start]
[00:59:16] [Server thread/INFO]: Sir_Jhaeros has just earned the achievement [Cow Tipper]
[01:02:38] [Server thread/INFO]: Server Backup started!
[01:02:39] [Thread-48/INFO]: Server backup done in 621ms! (5.4MB)
[01:03:30] [Server thread/INFO]: Sir_Jhaeros was shot by Skeleton
[01:04:12] [Server thread/INFO]: sinjideo has just earned the achievement [Sky of Beginning]
[01:05:04] [Server thread/INFO]: sinjideo was shot by Skeleton
[01:06:30] [Server thread/WARN]: Sir_Jhaeros moved wrongly!
[01:06:58] [User Authenticator #9/INFO]: UUID of player variouspotatoes is 5bd5eeef-20d2-4ebc-9f2f-9f5013ce2c20
[01:06:59] [Server thread/INFO]: variouspotatoes[/129.161.198.69:63323] logged in with entity id 61826 at (-134.5, 62.0, -162.5)
[01:06:59] [Server thread/INFO]: variouspotatoes joined the game
[01:09:44] [Server thread/INFO]: variouspotatoes has just earned the achievement [Taking Inventory]
[01:13:41] [Server thread/INFO]: Sir_Jhaeros has just earned the achievement [DIAMONDS!]
[01:17:11] [Server thread/WARN]: sinjideo moved wrongly!
[01:18:15] [Server thread/INFO]: Sir_Jhaeros has just earned the achievement [New Ore Miner]
[01:19:09] [Server thread/INFO]: variouspotatoes was killed by wild bees. They should have used a Smoker.
[01:26:22] [Server thread/INFO]: variouspotatoes has just earned the achievement [Getting Wood]
[01:30:27] [Server thread/WARN]: variouspotatoes moved wrongly!
[01:38:18] [Server thread/INFO]: Sir_Jhaeros has just earned the achievement [The Basics]
[01:40:06] [Server thread/INFO]: Sir_Jhaeros has just earned the achievement [Ironing Things Out]
[01:41:27] [Server thread/INFO]: Sir_Jhaeros has just earned the achievement [Gilded Age]
[01:41:30] [Server thread/WARN]: Tried to over-fill a container
[01:42:16] [Server thread/INFO]: sinjideo fell from a high place
[01:42:51] [Server thread/WARN]: KoreanwGlasses moved wrongly!
[01:48:54] [Server thread/INFO]: Sir_Jhaeros has just earned the achievement [Tech-Tree Start]
[01:52:22] [Server thread/INFO]: variouspotatoes has just earned the achievement [Sky of Beginning]
[01:53:14] [Server thread/WARN]: Boat (vehicle of KoreanwGlasses) moved too quickly! 5.018840778851498,0.0,9.073207143908462
[01:53:14] [Server thread/WARN]: Boat (vehicle of KoreanwGlasses) moved too quickly! 5.208330316936269,0.0,9.42520634276417
[01:53:14] [Server thread/WARN]: Boat (vehicle of KoreanwGlasses) moved too quickly! 5.3976150617725835,0.0,9.777340148285077
[01:53:14] [Server thread/WARN]: Boat (vehicle of KoreanwGlasses) moved too quickly! 5.586708716387122,0.0,10.129598690981311
[01:53:14] [Server thread/WARN]: Boat (vehicle of KoreanwGlasses) moved too quickly! 5.775620225352036,0.0,10.481974887627416
[01:53:14] [Server thread/WARN]: Boat (vehicle of KoreanwGlasses) moved too quickly! 5.9643610232082835,0.0,10.834460560280206
[01:53:14] [Server thread/WARN]: Boat (vehicle of KoreanwGlasses) moved too quickly! 6.152944792919278,0.0,11.187046556926305
[01:53:14] [Server thread/WARN]: Boat (vehicle of KoreanwGlasses) moved too quickly! 6.341380459137596,0.0,11.539726436343813
[01:53:14] [Server thread/WARN]: Boat (vehicle of KoreanwGlasses) moved too quickly! 6.529679442201861,0.0,11.892492602118011
[01:53:14] [Server thread/WARN]: Boat (vehicle of KoreanwGlasses) moved too quickly! 6.717848630402386,0.0,12.245340016791033
[01:53:14] [Server thread/WARN]: Boat (vehicle of KoreanwGlasses) moved too quickly! 6.905897613214478,0.0,12.598262347335663
[01:53:14] [Server thread/WARN]: Boat (vehicle of KoreanwGlasses) moved too quickly! 7.093835021165674,0.0,12.951253894027616
[01:53:14] [Server thread/WARN]: Boat (vehicle of KoreanwGlasses) moved too quickly! 7.281668621730546,0.0,13.304309527115095
[01:53:14] [Server thread/WARN]: Boat (vehicle of KoreanwGlasses) moved too quickly! 7.469405403773386,0.0,13.657424629821662
[01:53:14] [Server thread/WARN]: Boat (vehicle of KoreanwGlasses) moved too quickly! 7.657051659134538,0.0,14.01059504704864
[01:53:14] [Server thread/WARN]: Boat (vehicle of KoreanwGlasses) moved too quickly! 7.84461644048433,0.0,14.3638152473427
[01:53:14] [Server thread/WARN]: Boat (vehicle of KoreanwGlasses) moved too quickly! 8.032104503349018,0.0,14.717082044260565
[01:53:14] [Server thread/WARN]: Boat (vehicle of KoreanwGlasses) moved too quickly! 8.219523519578942,0.0,15.070390778138744
[01:53:14] [Server thread/WARN]: Boat (vehicle of KoreanwGlasses) moved too quickly! 8.406877003825059,0.0,15.423739047144807
[01:53:14] [Server thread/WARN]: Boat (vehicle of KoreanwGlasses) moved too quickly! 8.594171509287307,0.0,15.777122897765025
[01:53:14] [Server thread/WARN]: Boat (vehicle of KoreanwGlasses) moved too quickly! 8.781409541968664,0.0,16.13054055997651
[01:53:14] [Server thread/WARN]: Boat (vehicle of KoreanwGlasses) moved too quickly! 8.968596749148567,0.0,16.483988652619303
[01:53:14] [Server thread/WARN]: Boat (vehicle of KoreanwGlasses) moved too quickly! 9.15573821337837,0.0,16.837464132649586
[01:53:14] [Server thread/WARN]: Can't keep up! Did the system time change, or is the server overloaded? Running 2387ms behind, skipping 47 tick(s)
[01:53:22] [Server thread/INFO]: sinjideo drowned
[01:53:38] [Server thread/WARN]: Sir_Jhaeros moved wrongly!
[01:53:46] [Server thread/WARN]: Boat (vehicle of KoreanwGlasses) moved too quickly! -3.267454873510644,0.0,9.78336923112056
[01:53:46] [Server thread/WARN]: Boat (vehicle of KoreanwGlasses) moved too quickly! -3.4112900254879435,0.0,10.155878774687721
[01:53:46] [Server thread/WARN]: Boat (vehicle of KoreanwGlasses) moved too quickly! -3.5556513015867495,0.0,10.528254769193268
[01:53:46] [Server thread/WARN]: Boat (vehicle of KoreanwGlasses) moved too quickly! -3.7004932056181588,0.0,10.900507708523662
[01:53:46] [Server thread/WARN]: Boat (vehicle of KoreanwGlasses) moved too quickly! -3.845778349596813,0.0,11.272645606664923
[01:53:46] [Server thread/WARN]: Boat (vehicle of KoreanwGlasses) moved too quickly! -3.9914659671696455,0.0,11.644678537227207
[01:53:46] [Server thread/WARN]: Boat (vehicle of KoreanwGlasses) moved too quickly! -4.1375229253407895,0.0,12.016614135947975
[01:53:46] [Server thread/WARN]: Boat (vehicle of KoreanwGlasses) moved too quickly! -4.2839194062774055,0.0,12.388459271265447
[01:53:46] [Server thread/WARN]: Boat (vehicle of KoreanwGlasses) moved too quickly! -4.430625014415753,0.0,12.76022155528534
[01:53:46] [Server thread/WARN]: Boat (vehicle of KoreanwGlasses) moved too quickly! -4.577612392817883,0.0,13.131907838902634
[01:53:46] [Server thread/WARN]: Boat (vehicle of KoreanwGlasses) moved too quickly! -4.724856922102944,0.0,13.50352428792263
[01:53:46] [Server thread/WARN]: Boat (vehicle of KoreanwGlasses) moved too quickly! -4.872336444828747,0.0,13.87507645157001
[01:53:46] [Server thread/WARN]: Boat (vehicle of KoreanwGlasses) moved too quickly! -5.020031017435187,0.0,14.24656932414672
[01:53:46] [Server thread/WARN]: Boat (vehicle of KoreanwGlasses) moved too quickly! -5.167922691650006,0.0,14.618007400524561
[01:53:49] [Server thread/WARN]: Boat (vehicle of KoreanwGlasses) moved too quickly! -3.8743585404422305,0.0,9.651350032872529
[01:53:51] [Server thread/WARN]: Can't keep up! Did the system time change, or is the server overloaded? Running 2398ms behind, skipping 47 tick(s)
[01:53:54] [Server thread/WARN]: sinjideo moved too quickly! 10.157466385162365,0.0,-0.5072865486948785
[01:53:54] [Server thread/WARN]: Boat (vehicle of KoreanwGlasses) moved too quickly! -6.843589441914929,0.0,7.822201164389753
[01:53:54] [Server thread/WARN]: Boat (vehicle of KoreanwGlasses) moved too quickly! -7.109686071812007,0.0,8.12078569389746
[01:53:54] [Server thread/WARN]: Boat (vehicle of KoreanwGlasses) moved too quickly! -7.375861600669182,0.0,8.419306398586968
[01:53:54] [Server thread/WARN]: Boat (vehicle of KoreanwGlasses) moved too quickly! -7.642110994023582,0.0,8.717767101666823
[01:53:54] [Server thread/WARN]: Boat (vehicle of KoreanwGlasses) moved too quickly! -7.908426865423721,0.0,9.01617380329958
[01:53:54] [Server thread/WARN]: Boat (vehicle of KoreanwGlasses) moved too quickly! -8.174802567063452,0.0,9.314531903631405
[01:53:54] [Server thread/WARN]: Boat (vehicle of KoreanwGlasses) moved too quickly! -8.441234973215032,0.0,9.612843705381465
[01:53:54] [Server thread/WARN]: Boat (vehicle of KoreanwGlasses) moved too quickly! -8.707718413425937,0.0,9.911113838409165
[01:53:54] [Server thread/WARN]: Boat (vehicle of KoreanwGlasses) moved too quickly! -8.974247784289005,0.0,10.209346469587672
[01:54:07] [Server thread/WARN]: Sir_Jhaeros moved wrongly!
[01:54:22] [Server thread/WARN]: Boat (vehicle of KoreanwGlasses) moved too quickly! 2.0318128734296437,0.0,10.198260819412894
[01:54:22] [Server thread/WARN]: Boat (vehicle of KoreanwGlasses) moved too quickly! 2.1087994111607458,0.0,10.590766511255538
[01:54:22] [Server thread/WARN]: Boat (vehicle of KoreanwGlasses) moved too quickly! 2.1857554545823064,0.0,10.983278998216633
[01:54:22] [Server thread/WARN]: Boat (vehicle of KoreanwGlasses) moved too quickly! 2.262684053126023,0.0,11.375797600784267
[01:54:22] [Server thread/WARN]: Boat (vehicle of KoreanwGlasses) moved too quickly! 2.3395841873401366,0.0,11.76832244500497
[01:54:22] [Server thread/WARN]: Sir_Jhaeros moved too quickly! -0.3551763397117611,0.20000004768371582,10.227263620079839
[01:54:34] [Server thread/WARN]: Boat (vehicle of KoreanwGlasses) moved too quickly! -0.30670874898930833,0.0,10.35261473511855
[01:54:34] [Server thread/WARN]: Boat (vehicle of KoreanwGlasses) moved too quickly! -0.3042968258215808,0.0,10.752253608242086
[01:54:34] [Server thread/WARN]: Boat (vehicle of KoreanwGlasses) moved too quickly! -0.3014626788007888,0.0,11.151923018047341
[01:54:34] [Server thread/WARN]: Boat (vehicle of KoreanwGlasses) moved too quickly! -0.2982408614629719,0.0,11.551619784205627
[01:54:34] [Server thread/WARN]: Boat (vehicle of KoreanwGlasses) moved too quickly! -0.2946663064776942,0.0,11.951341104025687
[01:54:34] [Server thread/WARN]: Boat (vehicle of KoreanwGlasses) moved too quickly! -0.2907666188168889,0.0,12.351084391755649
[01:54:34] [Server thread/WARN]: Boat (vehicle of KoreanwGlasses) moved too quickly! -0.2865704772680999,0.0,12.750847383548717
[01:54:34] [Server thread/WARN]: Boat (vehicle of KoreanwGlasses) moved too quickly! -0.2821036929138643,0.0,13.150628041942923
[01:54:34] [Server thread/WARN]: Boat (vehicle of KoreanwGlasses) moved too quickly! -0.2773894956697234,0.0,13.55042453322244
[01:54:34] [Server thread/WARN]: Boat (vehicle of KoreanwGlasses) moved too quickly! -0.27244879245918696,0.0,13.950235210768483
[01:54:34] [Server thread/WARN]: Boat (vehicle of KoreanwGlasses) moved too quickly! -0.2673003995127772,0.0,14.350058588898833
[01:54:34] [Server thread/WARN]: Boat (vehicle of KoreanwGlasses) moved too quickly! -0.2619612514375831,0.0,14.749893326774213
[01:54:34] [Server thread/WARN]: Boat (vehicle of KoreanwGlasses) moved too quickly! -0.25644658937960685,0.0,15.1497382213646
[01:54:34] [Server thread/WARN]: Boat (vehicle of KoreanwGlasses) moved too quickly! -0.25077396474128477,0.0,15.54959225699838
[01:54:34] [Server thread/WARN]: Boat (vehicle of KoreanwGlasses) moved too quickly! -0.24495533947117565,0.0,15.949454452515624
[01:54:34] [Server thread/WARN]: Boat (vehicle of KoreanwGlasses) moved too quickly! -0.23900147926448767,0.0,16.349323921147402
[01:54:34] [Server thread/WARN]: Boat (vehicle of KoreanwGlasses) moved too quickly! -0.23292590761809606,0.0,16.74919993558194
[01:54:34] [Server thread/WARN]: Boat (vehicle of KoreanwGlasses) moved too quickly! -0.22674079567886452,0.0,17.149081841238967
[01:54:34] [Server thread/WARN]: Boat (vehicle of KoreanwGlasses) moved too quickly! -0.22045326310725954,0.0,17.5489689782155
[01:54:34] [Server thread/WARN]: Boat (vehicle of KoreanwGlasses) moved too quickly! -0.2140735519689656,0.0,17.94886082337939
[01:54:34] [Server thread/WARN]: Boat (vehicle of KoreanwGlasses) moved too quickly! 0.1343981660711222,0.0,10.395276560791672
[01:54:34] [Server thread/WARN]: Boat (vehicle of KoreanwGlasses) moved too quickly! 0.14123593670549894,0.0,10.795190063761083
[01:54:34] [Server thread/WARN]: Boat (vehicle of KoreanwGlasses) moved too quickly! 0.14811853065546643,0.0,11.195105500482214
[01:54:34] [Server thread/WARN]: Boat (vehicle of KoreanwGlasses) moved too quickly! 0.15504146558842535,0.0,11.595022677579891
[01:54:35] [Server thread/WARN]: Can't keep up! Did the system time change, or is the server overloaded? Running 3175ms behind, skipping 63 tick(s)
[01:56:13] [Server thread/WARN]: variouspotatoes moved wrongly!
[01:56:33] [Server thread/WARN]: Can't keep up! Did the system time change, or is the server overloaded? Running 2978ms behind, skipping 59 tick(s)
[01:56:57] [Server thread/WARN]: Boat (vehicle of variouspotatoes) moved too quickly! 9.129996470278726,-5.258016244624741E-13,-4.968312596949431
[01:56:57] [Server thread/WARN]: Boat (vehicle of variouspotatoes) moved too quickly! 9.482018371427074,-5.329070518200751E-13,-5.158176714937099
[01:57:30] [Server thread/WARN]: Can't keep up! Did the system time change, or is the server overloaded? Running 38302ms behind, skipping 766 tick(s)
[01:57:35] [Server thread/WARN]: Can't keep up! Did the system time change, or is the server overloaded? Running 4202ms behind, skipping 84 tick(s)
[01:57:43] [Server thread/INFO]: Sir_Jhaeros lost connection: TextComponent{text='Disconnected', siblings=[], style=Style{hasParent=false, color=null, bold=null, italic=null, underlined=null, obfuscated=null, clickEvent=null, hoverEvent=null, insertion=null}}
[01:57:43] [Server thread/INFO]: Sir_Jhaeros left the game
[01:57:46] [Server thread/INFO]: KoreanwGlasses has just earned the achievement [Sky of Beginning]
[01:58:01] [Server thread/WARN]: Can't keep up! Did the system time change, or is the server overloaded? Running 14946ms behind, skipping 298 tick(s)
[01:58:10] [Server thread/WARN]: Can't keep up! Did the system time change, or is the server overloaded? Running 4979ms behind, skipping 99 tick(s)
[01:58:24] [User Authenticator #10/INFO]: UUID of player Sir_Jhaeros is febe46b0-4476-4013-ac14-27b932cf7d03
[01:58:27] [Server thread/INFO]: Sir_Jhaeros[/129.161.241.240:51873] logged in with entity id 138835 at (-27.58094989510569, 82.0, 125.71709915075257)
[01:58:27] [Server thread/INFO]: Sir_Jhaeros joined the game
[01:59:22] [Server thread/WARN]: Can't keep up! Did the system time change, or is the server overloaded? Running 2209ms behind, skipping 44 tick(s)
[02:00:27] [Server thread/WARN]: Boat (vehicle of variouspotatoes) moved too quickly! 9.505636420671635,0.0,-4.213558646062438
[02:00:27] [Server thread/WARN]: Boat (vehicle of variouspotatoes) moved too quickly! 9.871305449946192,0.0,-4.3756485716297675
[02:00:27] [Server thread/WARN]: Boat (vehicle of variouspotatoes) moved too quickly! 10.236975959643189,0.0,-4.537739153423217
[02:00:27] [Server thread/WARN]: Boat (vehicle of variouspotatoes) moved too quickly! 10.602647801720366,0.0,-4.69983032582013
[02:00:27] [Server thread/WARN]: Boat (vehicle of variouspotatoes) moved too quickly! 10.968320842939704,0.0,-4.861922029760194
[02:00:27] [Server thread/WARN]: Boat (vehicle of variouspotatoes) moved too quickly! 11.333994963386942,0.0,-5.024014212089128
[02:00:27] [Server thread/WARN]: Boat (vehicle of variouspotatoes) moved too quickly! 11.699670055139222,0.0,-5.186106824967965
[02:00:27] [Server thread/WARN]: Boat (vehicle of variouspotatoes) moved too quickly! 12.065346021066034,0.0,-5.3481998253416805
[02:00:27] [Server thread/WARN]: Boat (vehicle of variouspotatoes) moved too quickly! 12.43102277374993,0.0,-5.510293174460799
[02:00:27] [Server thread/WARN]: Boat (vehicle of variouspotatoes) moved too quickly! 12.796700234515185,0.0,-5.672386837450745
[02:00:27] [Server thread/WARN]: sinjideo moved too quickly! -10.097827121561522,0.0,-0.13497317489236593
[02:00:27] [Server thread/WARN]: Boat (vehicle of variouspotatoes) moved too quickly! 13.162378332553658,0.0,-5.8344807829245156
[02:00:27] [Server thread/WARN]: Boat (vehicle of variouspotatoes) moved too quickly! 13.528057004137963,0.0,-5.9965749826336605
[02:00:27] [Server thread/WARN]: Boat (vehicle of variouspotatoes) moved too quickly! 13.893736191913547,0.0,-6.158669411154619
[02:00:27] [Server thread/WARN]: Boat (vehicle of variouspotatoes) moved too quickly! 14.259415844261241,0.0,-6.320764045606211
[02:00:27] [Server thread/WARN]: Boat (vehicle of variouspotatoes) moved too quickly! 14.625095914723829,0.0,-6.482858865395428
[02:00:27] [Server thread/WARN]: Boat (vehicle of variouspotatoes) moved too quickly! 14.990776361489793,0.0,-6.644953851988475
[02:00:27] [Server thread/WARN]: Boat (vehicle of variouspotatoes) moved too quickly! 15.35645714692879,0.0,-6.807048988704878
[02:00:27] [Server thread/WARN]: Boat (vehicle of variouspotatoes) moved too quickly! 15.722138237173567,0.0,-6.969144260532403
[02:00:27] [Server thread/WARN]: Boat (vehicle of variouspotatoes) moved too quickly! 16.08781960174349,0.0,-7.131239653959938
[02:00:27] [Server thread/WARN]: Boat (vehicle of variouspotatoes) moved too quickly! 16.45350121320604,0.0,-7.293335156827425
[02:00:27] [Server thread/WARN]: Boat (vehicle of variouspotatoes) moved too quickly! 16.819183046871956,0.0,-7.455430758190801
[02:00:27] [Server thread/WARN]: Boat (vehicle of variouspotatoes) moved too quickly! 17.184865080520865,0.0,-7.617526448200579
[02:00:27] [Server thread/WARN]: Boat (vehicle of variouspotatoes) moved too quickly! 17.550547294154512,0.0,-7.7796222179921415
[02:00:27] [Server thread/WARN]: Boat (vehicle of variouspotatoes) moved too quickly! 17.916229669774395,0.0,-7.941718059587288
[02:00:27] [Server thread/WARN]: Boat (vehicle of variouspotatoes) moved too quickly! 18.281912191181902,0.0,-8.103813965805557
[02:00:27] [Server thread/WARN]: Boat (vehicle of variouspotatoes) moved too quickly! 18.64759484379823,0.0,-8.265909930184762
[02:00:27] [Server thread/WARN]: Boat (vehicle of variouspotatoes) moved too quickly! 19.013277614502556,0.0,-8.428005946908684
[02:00:27] [Server thread/WARN]: Boat (vehicle of variouspotatoes) moved too quickly! 19.378960491485998,0.0,-8.590102010742953
[02:00:27] [Server thread/WARN]: Boat (vehicle of variouspotatoes) moved too quickly! 19.744643464120713,0.0,-8.752198116976501
[02:00:27] [Server thread/WARN]: Boat (vehicle of variouspotatoes) moved too quickly! 20.110326522841547,0.0,-8.914294261369378
[02:00:27] [Server thread/WARN]: Boat (vehicle of variouspotatoes) moved too quickly! 11.336040622728888,0.0,-5.024920990470491
[02:00:27] [Server thread/WARN]: Boat (vehicle of variouspotatoes) moved too quickly! 11.701723828656952,0.0,-5.187017200115861
[02:00:28] [Server thread/WARN]: Can't keep up! Did the system time change, or is the server overloaded? Running 3593ms behind, skipping 71 tick(s)
[02:00:49] [Server thread/INFO]: sinjideo lost connection: TextComponent{text='Disconnected', siblings=[], style=Style{hasParent=false, color=null, bold=null, italic=null, underlined=null, obfuscated=null, clickEvent=null, hoverEvent=null, insertion=null}}
[02:00:49] [Server thread/INFO]: sinjideo left the game
[02:00:56] [Server thread/WARN]: variouspotatoes moved wrongly!
[02:03:56] [Server thread/WARN]: Tried to over-fill a container
[02:04:11] [Server thread/WARN]: Boat (vehicle of KoreanwGlasses) moved too quickly! -5.178046195544653,0.0,9.019278304289742
[02:04:11] [Server thread/WARN]: Boat (vehicle of KoreanwGlasses) moved too quickly! -5.377231057079484,0.0,9.366157531115505
[02:04:11] [Server thread/WARN]: Boat (vehicle of KoreanwGlasses) moved too quickly! -5.576416558663027,0.0,9.713036405666571
[02:04:11] [Server thread/WARN]: Boat (vehicle of KoreanwGlasses) moved too quickly! -5.775602636290444,0.0,10.059914963170513
[02:04:11] [Server thread/WARN]: Boat (vehicle of KoreanwGlasses) moved too quickly! -5.974789232357352,0.0,10.406793235331975
[02:04:11] [Server thread/WARN]: Boat (vehicle of KoreanwGlasses) moved too quickly! -6.173976295019713,0.0,10.753671250685102
[02:04:11] [Server thread/WARN]: Boat (vehicle of KoreanwGlasses) moved too quickly! -6.3731637776180605,0.0,11.100549034910841
[02:04:11] [Server thread/WARN]: Boat (vehicle of KoreanwGlasses) moved too quickly! -6.572351638158693,0.0,11.447426611121955
[02:04:11] [Server thread/WARN]: Boat (vehicle of KoreanwGlasses) moved too quickly! -6.7715398388474455,0.0,11.794304000119837
[02:04:11] [Server thread/WARN]: Boat (vehicle of KoreanwGlasses) moved too quickly! -6.9707283456694995,0.0,12.141181220625867
[02:04:11] [Server thread/WARN]: Boat (vehicle of KoreanwGlasses) moved too quickly! -7.169917128011434,0.0,12.488058289489231
[02:04:11] [Server thread/WARN]: Boat (vehicle of KoreanwGlasses) moved too quickly! -7.369106158321358,0.0,12.834935221874275
[02:04:11] [Server thread/WARN]: Boat (vehicle of KoreanwGlasses) moved too quickly! -7.56829541180241,0.0,13.181812031428763
[02:04:11] [Server thread/WARN]: Boat (vehicle of KoreanwGlasses) moved too quickly! -7.767484866137465,0.0,13.528688730435647
[02:04:11] [Server thread/WARN]: Boat (vehicle of KoreanwGlasses) moved too quickly! -7.96667450124113,0.0,13.875565329949836
[02:04:11] [Server thread/WARN]: Boat (vehicle of KoreanwGlasses) moved too quickly! -8.165864299036514,0.0,14.22244183992052
[02:04:11] [Server thread/WARN]: Boat (vehicle of KoreanwGlasses) moved too quickly! -8.36505424325452,0.0,14.56931826930213
[02:04:11] [Server thread/WARN]: Boat (vehicle of KoreanwGlasses) moved too quickly! -8.564244319252794,0.0,14.91619462615347
[02:04:11] [Server thread/WARN]: Boat (vehicle of KoreanwGlasses) moved too quickly! -8.763434513853383,0.0,15.263070917727646
[02:04:11] [Server thread/WARN]: Boat (vehicle of KoreanwGlasses) moved too quickly! -8.962624815195966,0.0,15.60994715055233
[02:04:11] [Server thread/WARN]: Boat (vehicle of KoreanwGlasses) moved too quickly! -9.161815212606427,0.0,15.956823330502516
[02:04:11] [Server thread/WARN]: Boat (vehicle of KoreanwGlasses) moved too quickly! -9.361005696477946,0.0,16.303699462865666
[02:04:11] [Server thread/WARN]: Boat (vehicle of KoreanwGlasses) moved too quickly! -9.56019625816441,0.0,16.650575552400483
[02:04:11] [Server thread/WARN]: Boat (vehicle of KoreanwGlasses) moved too quickly! -9.759386889884297,0.0,16.997451603389777
[02:04:11] [Server thread/WARN]: Boat (vehicle of KoreanwGlasses) moved too quickly! -9.958577584634327,0.0,17.3443276196881
[02:04:11] [Server thread/WARN]: Boat (vehicle of KoreanwGlasses) moved too quickly! -10.157768336111417,0.0,17.691203604764496
[02:04:11] [Server thread/WARN]: Boat (vehicle of KoreanwGlasses) moved too quickly! -10.356959138642878,0.0,18.038079561741256
[02:04:11] [Server thread/WARN]: Boat (vehicle of KoreanwGlasses) moved too quickly! -10.556149987123263,0.0,18.384955493428265
[02:04:11] [Server thread/WARN]: Boat (vehicle of KoreanwGlasses) moved too quickly! -10.755340876957746,0.0,18.7318314023546
[02:04:11] [Server thread/WARN]: Boat (vehicle of KoreanwGlasses) moved too quickly! -10.954531804010855,0.0,19.078707290796274
[02:04:11] [Server thread/WARN]: Boat (vehicle of KoreanwGlasses) moved too quickly! -11.153722764560712,0.0,19.425583160801693
[02:04:11] [Server thread/WARN]: Boat (vehicle of KoreanwGlasses) moved too quickly! -11.352913755257646,0.0,19.77245901421452
[02:04:11] [Server thread/WARN]: Can't keep up! Did the system time change, or is the server overloaded? Running 3255ms behind, skipping 65 tick(s)
[02:04:11] [Server thread/WARN]: Boat (vehicle of KoreanwGlasses) moved too quickly! -6.573242727911918,0.0,11.446936166646424
[02:04:36] [Server thread/WARN]: Boat (vehicle of Sir_Jhaeros) moved too quickly! 9.009144951256928,0.0,-4.370337960768211
[02:04:36] [Server thread/WARN]: Boat (vehicle of Sir_Jhaeros) moved too quickly! 9.321865975460845,0.0,-4.612210088550853
[02:04:36] [Server thread/WARN]: Boat (vehicle of Sir_Jhaeros) moved too quickly! 9.633140212118526,0.0,-4.856549269197501
[02:04:36] [Server thread/WARN]: Boat (vehicle of Sir_Jhaeros) moved too quickly! 9.943066295430988,0.0,-5.103160226858108
[02:04:36] [Server thread/WARN]: Boat (vehicle of Sir_Jhaeros) moved too quickly! 10.251735475357503,0.0,-5.351864285194154
[02:04:36] [Server thread/WARN]: Boat (vehicle of Sir_Jhaeros) moved too quickly! 10.559234935803467,0.0,-5.602494868755855
[02:04:36] [Server thread/WARN]: Boat (vehicle of Sir_Jhaeros) moved too quickly! 10.865645654989947,0.0,-5.854899161366518
[02:04:36] [Server thread/WARN]: Boat (vehicle of Sir_Jhaeros) moved too quickly! 11.171045611373778,0.0,-6.108933900836973
[02:04:36] [Server thread/WARN]: Boat (vehicle of KoreanwGlasses) moved too quickly! -3.098633800689612,0.0,9.880786740431176
[02:04:36] [Server thread/WARN]: Boat (vehicle of Sir_Jhaeros) moved too quickly! 11.475507526212205,0.0,-6.3644672752761835
[02:05:56] [Server thread/WARN]: Can't keep up! Did the system time change, or is the server overloaded? Running 2253ms behind, skipping 45 tick(s)
[02:06:18] [Server thread/WARN]: Boat (vehicle of Sir_Jhaeros) moved too quickly! 8.143801160972941,0.0,6.4630919677874985
[02:06:18] [Server thread/WARN]: Boat (vehicle of Sir_Jhaeros) moved too quickly! 8.458030703318116,0.0,6.7105373091268135
[02:06:18] [Server thread/WARN]: Boat (vehicle of Sir_Jhaeros) moved too quickly! 8.77228838628315,0.0,6.957950034106389
[02:06:18] [Server thread/WARN]: Boat (vehicle of Sir_Jhaeros) moved too quickly! 9.086571395805379,0.0,7.205333404362975
[02:06:18] [Server thread/WARN]: Boat (vehicle of Sir_Jhaeros) moved too quickly! 9.400877199228432,0.0,7.452690355369576
[02:06:18] [Server thread/WARN]: Boat (vehicle of Sir_Jhaeros) moved too quickly! 9.71520351716174,0.0,7.700023529051812
[02:06:18] [Server thread/WARN]: Boat (vehicle of Sir_Jhaeros) moved too quickly! 10.02954829815377,0.0,7.947335303142694
[02:06:18] [Server thread/WARN]: Boat (vehicle of Sir_Jhaeros) moved too quickly! 10.343909695898219,0.0,8.194627817601862
[02:06:18] [Server thread/WARN]: Boat (vehicle of KoreanwGlasses) moved too quickly! 3.9485963924815763,0.0,9.620840324323808
[02:06:18] [Server thread/WARN]: Boat (vehicle of KoreanwGlasses) moved too quickly! 4.100435392002593,0.0,9.990886097283237
[02:06:18] [Server thread/WARN]: Boat (vehicle of KoreanwGlasses) moved too quickly! 4.252273732783244,0.0,10.360932164731139
[02:06:18] [Server thread/WARN]: Boat (vehicle of KoreanwGlasses) moved too quickly! 4.404111480697581,0.0,10.730978497218985
[02:06:18] [Server thread/WARN]: Boat (vehicle of KoreanwGlasses) moved too quickly! 4.55594869503225,0.0,11.101025068242507
[02:06:18] [Server thread/WARN]: Boat (vehicle of KoreanwGlasses) moved too quickly! 4.707785429145232,0.0,11.47107185394816
[02:06:18] [Server thread/WARN]: Boat (vehicle of KoreanwGlasses) moved too quickly! 4.859621731058705,0.0,11.841118832867778
[02:06:18] [Server thread/WARN]: Boat (vehicle of KoreanwGlasses) moved too quickly! 5.011457643992632,0.0,12.211165985680054
[02:06:18] [Server thread/WARN]: Boat (vehicle of Sir_Jhaeros) moved too quickly! 10.658286048719447,0.0,8.441902998392948
[02:06:18] [Server thread/WARN]: Boat (vehicle of Sir_Jhaeros) moved too quickly! 10.972675861109451,0.0,8.689162578883177
[02:06:27] [Server thread/WARN]: Boat (vehicle of KoreanwGlasses) moved too quickly! 3.947642715105104,0.0,9.621266663958977
[02:06:27] [Server thread/WARN]: Boat (vehicle of KoreanwGlasses) moved too quickly! 4.0994751272241245,0.0,9.991315381803815
[02:06:27] [Server thread/WARN]: Boat (vehicle of KoreanwGlasses) moved too quickly! 4.251307539343138,0.0,10.361364099648654
[02:06:27] [Server thread/WARN]: Boat (vehicle of KoreanwGlasses) moved too quickly! 4.403139951462144,0.0,10.731412817493492
[02:06:27] [Server thread/WARN]: Boat (vehicle of KoreanwGlasses) moved too quickly! 4.554972363581143,0.0,11.10146153533833
[02:06:27] [Server thread/WARN]: Boat (vehicle of KoreanwGlasses) moved too quickly! 4.706804775700135,0.0,11.471510253183169
[02:06:27] [Server thread/WARN]: Boat (vehicle of KoreanwGlasses) moved too quickly! 4.85863718781912,0.0,11.841558971028007
[02:06:27] [Server thread/WARN]: Boat (vehicle of KoreanwGlasses) moved too quickly! 5.0104695999381015,0.0,12.211607688872846
[02:06:27] [Server thread/WARN]: Boat (vehicle of Sir_Jhaeros) moved too quickly! 2.173741457546214,0.0,10.154089285570649
[02:06:27] [Server thread/WARN]: Boat (vehicle of Sir_Jhaeros) moved too quickly! 2.342246530105001,0.0,10.511184545348215
[02:06:27] [Server thread/WARN]: Boat (vehicle of KoreanwGlasses) moved too quickly! 5.162302012057076,0.0,12.581656406717684
[02:06:27] [Server thread/WARN]: Boat (vehicle of Sir_Jhaeros) moved too quickly! 2.514075749316362,0.0,10.867107925004262
[02:06:27] [Server thread/WARN]: Boat (vehicle of KoreanwGlasses) moved too quickly! 5.314134424176046,0.0,12.951705124562523
[02:06:27] [Server thread/WARN]: Boat (vehicle of Sir_Jhaeros) moved too quickly! 2.68898935026823,0.0,11.221922320198075
[02:06:27] [Server thread/WARN]: Boat (vehicle of KoreanwGlasses) moved too quickly! 5.465966836295014,0.0,13.321753842407361
[02:06:27] [Server thread/WARN]: Boat (vehicle of Sir_Jhaeros) moved too quickly! 2.8667614899868,0.0,11.575689943583455
[02:06:27] [Server thread/WARN]: Boat (vehicle of KoreanwGlasses) moved too quickly! 5.617799248413977,0.0,13.6918025602522
[02:06:27] [Server thread/WARN]: Boat (vehicle of KoreanwGlasses) moved too quickly! 5.769631660532937,0.0,14.061851278097038
[02:06:27] [Server thread/WARN]: Boat (vehicle of Sir_Jhaeros) moved too quickly! 3.047182202415968,0.0,11.928470508112241
[02:06:27] [Server thread/WARN]: Boat (vehicle of Sir_Jhaeros) moved too quickly! 3.230055831214088,0.0,12.28032151798297
[02:06:27] [Server thread/WARN]: Boat (vehicle of KoreanwGlasses) moved too quickly! 5.921464072651894,0.0,14.431899995941876
[02:06:31] [Server thread/WARN]: Boat (vehicle of KoreanwGlasses) moved too quickly! 3.947642715092222,0.0,9.621266663965798
[02:06:31] [Server thread/WARN]: Boat (vehicle of Sir_Jhaeros) moved too quickly! 7.577738166825554,0.0,6.921134516597306
[02:06:31] [Server thread/WARN]: Boat (vehicle of KoreanwGlasses) moved too quickly! 4.099475127211154,0.0,9.991315381810637
[02:06:31] [Server thread/WARN]: Boat (vehicle of Sir_Jhaeros) moved too quickly! 7.711797569364364,0.0,7.275597708122646
[02:06:31] [Server thread/WARN]: Boat (vehicle of KoreanwGlasses) moved too quickly! 4.251307539330085,0.0,10.361364099655475
[02:06:31] [Server thread/WARN]: Boat (vehicle of Sir_Jhaeros) moved too quickly! 7.838960541115966,0.0,7.634080722149392
[02:06:31] [Server thread/WARN]: Boat (vehicle of KoreanwGlasses) moved too quickly! 4.403139951449017,0.0,10.731412817500313
[02:06:31] [Server thread/WARN]: Boat (vehicle of Sir_Jhaeros) moved too quickly! 7.960003737394686,0.0,7.996167118479903
[02:06:31] [Server thread/WARN]: Boat (vehicle of KoreanwGlasses) moved too quickly! 4.554972363567948,0.0,11.101461535345152
[02:06:31] [Server thread/WARN]: Boat (vehicle of Sir_Jhaeros) moved too quickly! 8.075614772790914,0.0,8.36148382948096
[02:06:31] [Server thread/WARN]: Boat (vehicle of Sir_Jhaeros) moved too quickly! 8.186408695501257,0.0,8.729695597205719
[02:06:31] [Server thread/WARN]: Boat (vehicle of KoreanwGlasses) moved too quickly! 4.70680477568688,0.0,11.47151025318999
[02:06:31] [Server thread/WARN]: Boat (vehicle of Sir_Jhaeros) moved too quickly! 8.292931468853624,0.0,9.100501862976472
[02:06:31] [Server thread/WARN]: Boat (vehicle of KoreanwGlasses) moved too quickly! 4.858637187805812,0.0,11.841558971034829
[02:06:31] [Server thread/WARN]: Boat (vehicle of Sir_Jhaeros) moved too quickly! 8.395666885383548,0.0,9.473633342160383
[02:06:31] [Server thread/WARN]: Boat (vehicle of KoreanwGlasses) moved too quickly! 5.010469599924743,0.0,12.211607688879667
[02:06:31] [Server thread/WARN]: Boat (vehicle of KoreanwGlasses) moved too quickly! 5.162302012043675,0.0,12.581656406724505
[02:06:31] [Server thread/WARN]: Boat (vehicle of Sir_Jhaeros) moved too quickly! 8.495729158873587,0.0,9.848722218267639
[02:06:31] [Server thread/WARN]: Boat (vehicle of KoreanwGlasses) moved too quickly! 5.3141344241626065,0.0,12.951705124569344
[02:06:31] [Server thread/WARN]: Boat (vehicle of Sir_Jhaeros) moved too quickly! 8.594732501490967,0.0,10.225287822730749
[02:06:31] [Server thread/WARN]: Boat (vehicle of KoreanwGlasses) moved too quickly! 5.465966836281538,0.0,13.321753842414182
[02:06:31] [Server thread/WARN]: Boat (vehicle of Sir_Jhaeros) moved too quickly! 8.693981917690678,0.0,10.602887618501228
[02:06:31] [Server thread/WARN]: Boat (vehicle of Sir_Jhaeros) moved too quickly! 8.794524502797515,0.0,10.981121060994752
[02:06:31] [Server thread/WARN]: Boat (vehicle of KoreanwGlasses) moved too quickly! 5.61779924840047,0.0,13.69180256025902
[02:06:31] [Server thread/WARN]: Boat (vehicle of KoreanwGlasses) moved too quickly! 5.769631660519401,0.0,14.061851278103859
[02:06:31] [Server thread/WARN]: Boat (vehicle of Sir_Jhaeros) moved too quickly! 8.89718808058899,0.0,11.359631992607618
[02:06:31] [Server thread/WARN]: Boat (vehicle of KoreanwGlasses) moved too quickly! 5.921464072638333,0.0,14.431899995948697
[02:06:31] [Server thread/WARN]: Boat (vehicle of Sir_Jhaeros) moved too quickly! 9.002615840214332,0.0,11.738108622211897
[02:06:31] [Server thread/WARN]: Boat (vehicle of Sir_Jhaeros) moved too quickly! 9.111293680753931,0.0,12.116282988885729
[02:06:31] [Server thread/WARN]: Boat (vehicle of KoreanwGlasses) moved too quickly! 6.073296484757265,0.0,14.801948713793536
[02:06:31] [Server thread/WARN]: Boat (vehicle of KoreanwGlasses) moved too quickly! 6.225128896876196,0.0,15.171997431638374
[02:06:31] [Server thread/WARN]: Boat (vehicle of Sir_Jhaeros) moved too quickly! 9.223581794134077,0.0,12.49392639635245
[02:06:31] [Server thread/WARN]: Boat (vehicle of Sir_Jhaeros) moved too quickly! 9.33972849219947,0.0,12.870849524729849
[02:06:31] [Server thread/WARN]: Boat (vehicle of Sir_Jhaeros) moved too quickly! 9.459893214138901,0.0,13.24689755784189
[02:06:31] [Server thread/WARN]: Boat (vehicle of Sir_Jhaeros) moved too quickly! 9.584163418470553,0.0,13.621946371494104
[02:06:31] [Server thread/WARN]: Boat (vehicle of Sir_Jhaeros) moved too quickly! 9.712566095928139,0.0,13.995900011892417
[02:06:31] [Server thread/WARN]: Boat (vehicle of Sir_Jhaeros) moved too quickly! 9.845078018368383,0.0,14.36868804996574
[02:06:31] [Server thread/WARN]: Boat (vehicle of Sir_Jhaeros) moved too quickly! 9.981638296922029,0.0,14.740261188599703
[02:06:31] [Server thread/WARN]: Boat (vehicle of KoreanwGlasses) moved too quickly! 6.376961308995128,0.0,15.542046149483213
[02:06:31] [Server thread/WARN]: Boat (vehicle of KoreanwGlasses) moved too quickly! 6.528793721114059,0.0,15.912094867328051
[02:06:31] [Server thread/WARN]: Boat (vehicle of KoreanwGlasses) moved too quickly! 6.680626133232991,0.0,16.28214358517289
[02:06:31] [Server thread/WARN]: Boat (vehicle of KoreanwGlasses) moved too quickly! 6.832458545351923,0.0,16.652192303017728
[02:06:31] [Server thread/WARN]: Boat (vehicle of KoreanwGlasses) moved too quickly! 6.984290957470854,0.0,17.022241020862566
[02:06:31] [Server thread/WARN]: Boat (vehicle of KoreanwGlasses) moved too quickly! 7.136123369589786,0.0,17.392289738707404
[02:06:31] [Server thread/WARN]: Boat (vehicle of KoreanwGlasses) moved too quickly! 7.2879557817087175,0.0,17.762338456552243
[02:06:31] [Server thread/WARN]: Boat (vehicle of Sir_Jhaeros) moved too quickly! 10.122156087561962,0.0,15.110588586921608
[02:06:36] [Server thread/WARN]: Boat (vehicle of KoreanwGlasses) moved too quickly! 3.9476427150923143,0.0,9.621266663965798
[02:06:36] [Server thread/WARN]: Boat (vehicle of KoreanwGlasses) moved too quickly! 4.0994751272112495,0.0,9.991315381810637
[02:06:36] [Server thread/WARN]: Boat (vehicle of KoreanwGlasses) moved too quickly! 4.251307539330185,0.0,10.361364099655475
[02:06:36] [Server thread/WARN]: Boat (vehicle of KoreanwGlasses) moved too quickly! 4.40313995144912,0.0,10.731412817500313
[02:06:36] [Server thread/WARN]: Boat (vehicle of KoreanwGlasses) moved too quickly! 4.554972363568055,0.0,11.101461535345152
[02:06:36] [Server thread/WARN]: Boat (vehicle of KoreanwGlasses) moved too quickly! 4.70680477568699,0.0,11.47151025318999
[02:06:36] [Server thread/WARN]: Boat (vehicle of KoreanwGlasses) moved too quickly! 4.858637187805925,0.0,11.841558971034829
[02:06:36] [Server thread/WARN]: Boat (vehicle of KoreanwGlasses) moved too quickly! 5.0104695999248605,0.0,12.211607688879667
[02:07:04] [Server thread/WARN]: Can't keep up! Did the system time change, or is the server overloaded? Running 40384ms behind, skipping 807 tick(s)
[02:07:08] [Server thread/WARN]: Can't keep up! Did the system time change, or is the server overloaded? Running 4270ms behind, skipping 85 tick(s)
[02:07:20] [Server thread/WARN]: Boat (vehicle of Sir_Jhaeros) moved too quickly! -0.2913800181752322,0.0,10.22690070521844
[02:07:20] [Server thread/WARN]: Boat (vehicle of KoreanwGlasses) moved too quickly! 4.243328035140422,0.0,9.331533167280668
[02:07:20] [Server thread/WARN]: Boat (vehicle of Sir_Jhaeros) moved too quickly! -0.37387742264058943,0.0,10.615354954583125
[02:07:20] [Server thread/WARN]: Boat (vehicle of KoreanwGlasses) moved too quickly! 4.324122999326079,0.0,9.718783359095596
[02:07:20] [Server thread/WARN]: Boat (vehicle of KoreanwGlasses) moved too quickly! 4.40031238475035,0.0,10.1071570512986
[02:07:20] [Server thread/WARN]: Boat (vehicle of Sir_Jhaeros) moved too quickly! -0.4592695560472748,0.0,11.003379920707204
[02:07:20] [Server thread/WARN]: Boat (vehicle of Sir_Jhaeros) moved too quickly! -0.5473553093180499,0.0,11.390992786443718
[02:07:20] [Server thread/WARN]: Boat (vehicle of KoreanwGlasses) moved too quickly! 4.472173331006047,0.0,10.496557476713406
[02:07:20] [Server thread/WARN]: Boat (vehicle of KoreanwGlasses) moved too quickly! 4.539970487351724,0.0,10.886895503424967
[02:07:20] [Server thread/WARN]: Boat (vehicle of Sir_Jhaeros) moved too quickly! -0.6379389125808075,0.0,11.778213151432254
[02:07:20] [Server thread/WARN]: Boat (vehicle of Sir_Jhaeros) moved too quickly! -0.7308404541843174,0.0,12.16505960902225
[02:07:20] [Server thread/WARN]: Boat (vehicle of KoreanwGlasses) moved too quickly! 4.603957280139028,0.0,11.278089068692225
[02:07:20] [Server thread/WARN]: Boat (vehicle of KoreanwGlasses) moved too quickly! 4.663684274764648,0.0,11.670105838136806
[02:07:20] [Server thread/WARN]: Boat (vehicle of Sir_Jhaeros) moved too quickly! -0.8258906273273396,0.0,12.551550957038586
[02:07:20] [Server thread/WARN]: Boat (vehicle of Sir_Jhaeros) moved too quickly! -0.9229296788867032,0.0,12.937706218312258
[02:07:20] [Server thread/WARN]: Boat (vehicle of KoreanwGlasses) moved too quickly! 4.718128825564051,0.0,12.062914896601796
[02:07:30] [Server thread/WARN]: Can't keep up! Did the system time change, or is the server overloaded? Running 9165ms behind, skipping 183 tick(s)
[02:07:37] [Server thread/WARN]: Boat (vehicle of KoreanwGlasses) moved too quickly! 2.9438071489082347,0.0,9.967297303457144
[02:07:37] [Server thread/WARN]: Boat (vehicle of KoreanwGlasses) moved too quickly! 3.054639734380288,0.0,10.351574402036931
[02:07:37] [Server thread/WARN]: Boat (vehicle of KoreanwGlasses) moved too quickly! 3.1654082438481197,0.0,10.735874998711552
[02:07:37] [Server thread/WARN]: Boat (vehicle of KoreanwGlasses) moved too quickly! 3.276119084913674,0.0,11.120196743671386
[02:07:37] [Server thread/WARN]: Boat (vehicle of KoreanwGlasses) moved too quickly! 3.386778024418547,0.0,11.504537522087048
[02:07:37] [Server thread/WARN]: Boat (vehicle of KoreanwGlasses) moved too quickly! 3.497386567276621,0.0,11.888896488595037
[02:07:37] [Server thread/WARN]: Boat (vehicle of KoreanwGlasses) moved too quickly! 3.6079497531537896,0.0,12.273271824386029
[02:07:37] [Server thread/WARN]: Boat (vehicle of Sir_Jhaeros) moved too quickly! 7.496229877130077,0.0,-6.865457411183911
[02:07:37] [Server thread/WARN]: Boat (vehicle of KoreanwGlasses) moved too quickly! 3.718472117749215,0.0,12.657661892530996
[02:07:37] [Server thread/WARN]: Boat (vehicle of Sir_Jhaeros) moved too quickly! 7.845005450129406,0.0,-7.047891064818771
[02:07:37] [Server thread/WARN]: Boat (vehicle of Sir_Jhaeros) moved too quickly! 8.196886986782943,0.0,-7.224621335261588
[02:07:37] [Server thread/WARN]: Boat (vehicle of KoreanwGlasses) moved too quickly! 3.828285126196164,0.0,13.04225162959574
[02:07:37] [Server thread/WARN]: Boat (vehicle of Sir_Jhaeros) moved too quickly! 8.551663650200226,0.0,-7.395912261079957
[02:07:37] [Server thread/WARN]: Boat (vehicle of KoreanwGlasses) moved too quickly! 3.9361724903551902,0.0,13.427342971017879
[02:07:37] [Server thread/WARN]: Boat (vehicle of KoreanwGlasses) moved too quickly! 4.040472031358149,0.0,13.813270973718318
[02:07:37] [Server thread/WARN]: Boat (vehicle of Sir_Jhaeros) moved too quickly! 8.909132909439109,0.0,-7.562033623439703
[02:07:37] [Server thread/WARN]: Boat (vehicle of KoreanwGlasses) moved too quickly! 4.1398616135683,0.0,14.200222923088859
[02:07:37] [Server thread/WARN]: Boat (vehicle of Sir_Jhaeros) moved too quickly! 9.269102663065723,0.0,-7.723253277960936
[02:07:37] [Server thread/WARN]: Boat (vehicle of KoreanwGlasses) moved too quickly! 4.233313058666951,0.0,14.588278695441204
[02:07:37] [Server thread/WARN]: Boat (vehicle of Sir_Jhaeros) moved too quickly! 9.631390691667548,0.0,-7.8798375149106334
[02:07:37] [Server thread/WARN]: Boat (vehicle of Sir_Jhaeros) moved too quickly! 9.995621326782725,0.0,-8.032719198472819
[02:07:37] [Server thread/WARN]: Boat (vehicle of KoreanwGlasses) moved too quickly! 4.3200444110090075,0.0,14.977442397798313
[02:07:37] [Server thread/WARN]: Boat (vehicle of Sir_Jhaeros) moved too quickly! 10.361245689879638,0.0,-8.183346876802005
[02:07:37] [Server thread/WARN]: Boat (vehicle of KoreanwGlasses) moved too quickly! 4.399486767321875,0.0,15.367665632019907
[02:07:37] [Server thread/WARN]: Boat (vehicle of Sir_Jhaeros) moved too quickly! 10.72752846226183,0.0,-8.333561286640048
[02:07:37] [Server thread/WARN]: Boat (vehicle of KoreanwGlasses) moved too quickly! 4.47125333073204,0.0,15.758865605024312
[02:07:37] [Server thread/WARN]: Boat (vehicle of Sir_Jhaeros) moved too quickly! 11.093808609628809,0.0,-8.484834081918649
[02:07:37] [Server thread/WARN]: Boat (vehicle of KoreanwGlasses) moved too quickly! 4.535110801176629,0.0,16.15093886498471
[02:07:37] [Server thread/WARN]: Boat (vehicle of Sir_Jhaeros) moved too quickly! 11.459503051274396,0.0,-8.638327538963182
[02:07:37] [Server thread/WARN]: Boat (vehicle of KoreanwGlasses) moved too quickly! 4.590945455874149,0.0,16.543771275995823
[02:07:37] [Server thread/WARN]: Boat (vehicle of KoreanwGlasses) moved too quickly! 4.638743814383673,0.0,16.937245158705082
[02:07:37] [Server thread/WARN]: Boat (vehicle of Sir_Jhaeros) moved too quickly! 11.824108863404376,0.0,-8.794940835006031
[02:07:37] [Server thread/WARN]: Boat (vehicle of KoreanwGlasses) moved too quickly! 4.678578861138419,0.0,17.33124475948034
[02:07:37] [Server thread/WARN]: Boat (vehicle of Sir_Jhaeros) moved too quickly! 12.187198429940509,0.0,-8.95535796106077
[02:07:50] [Server thread/WARN]: Can't keep up! Did the system time change, or is the server overloaded? Running 12924ms behind, skipping 258 tick(s)
[02:07:55] [Server thread/WARN]: Boat (vehicle of Sir_Jhaeros) moved too quickly! -1.9849682843705523,0.0,10.052276228063533
[02:07:55] [Server thread/WARN]: Boat (vehicle of Sir_Jhaeros) moved too quickly! -2.2062336669785054,0.0,10.369456194801842
[02:07:55] [Server thread/WARN]: Boat (vehicle of Sir_Jhaeros) moved too quickly! -2.433100974230001,0.0,10.683747515822233
[02:07:55] [Server thread/WARN]: Boat (vehicle of Sir_Jhaeros) moved too quickly! -2.665161647743389,0.0,10.995292441377728
[02:07:55] [Server thread/WARN]: Boat (vehicle of Sir_Jhaeros) moved too quickly! -2.9020335252706673,0.0,11.304231634740177
[02:07:55] [Server thread/WARN]: Boat (vehicle of Sir_Jhaeros) moved too quickly! -3.1433556678861123,0.0,11.610707223585791
[02:07:55] [Server thread/WARN]: Boat (vehicle of Sir_Jhaeros) moved too quickly! -3.3887945860290074,0.0,11.914854746626588
[02:07:55] [Server thread/WARN]: Boat (vehicle of Sir_Jhaeros) moved too quickly! -3.638036178577181,0.0,12.21680934270023
[02:07:55] [Server thread/WARN]: Boat (vehicle of Sir_Jhaeros) moved too quickly! -3.890786627086186,0.0,12.516703205405861
[02:07:55] [Server thread/WARN]: Boat (vehicle of Sir_Jhaeros) moved too quickly! -4.1467758492854045,0.0,12.81466051134737
[02:07:55] [Server thread/WARN]: Boat (vehicle of Sir_Jhaeros) moved too quickly! -4.4057498076084585,0.0,13.110803753889627
[02:07:55] [Server thread/WARN]: Boat (vehicle of Sir_Jhaeros) moved too quickly! -4.66747433619571,0.0,13.405248494909642
[02:07:55] [Server thread/WARN]: Boat (vehicle of Sir_Jhaeros) moved too quickly! -4.931730525530384,0.0,13.69810685005109
[02:07:59] [Server thread/WARN]: Can't keep up! Did the system time change, or is the server overloaded? Running 2745ms behind, skipping 54 tick(s)
[02:08:17] [Server thread/WARN]: Can't keep up! Did the system time change, or is the server overloaded? Running 2354ms behind, skipping 47 tick(s)
[02:08:29] [Server thread/INFO]: variouspotatoes was slain by Zombie
[02:08:34] [Server thread/WARN]: Can't keep up! Did the system time change, or is the server overloaded? Running 2574ms behind, skipping 51 tick(s)
[02:08:43] [Server thread/WARN]: variouspotatoes moved wrongly!
[02:08:44] [Server thread/INFO]: [KoreanwGlasses: Game rule doFireTick has been updated to false]
[02:09:08] [Server thread/INFO]: KoreanwGlasses lost connection: TextComponent{text='Disconnected', siblings=[], style=Style{hasParent=false, color=null, bold=null, italic=null, underlined=null, obfuscated=null, clickEvent=null, hoverEvent=null, insertion=null}}
[02:09:08] [Server thread/INFO]: KoreanwGlasses left the game
[02:10:26] [Server thread/INFO]: variouspotatoes lost connection: TextComponent{text='Disconnected', siblings=[], style=Style{hasParent=false, color=null, bold=null, italic=null, underlined=null, obfuscated=null, clickEvent=null, hoverEvent=null, insertion=null}}
[02:10:26] [Server thread/INFO]: variouspotatoes left the game
[02:10:53] [Server thread/INFO]: Sir_Jhaeros lost connection: TextComponent{text='Disconnected', siblings=[], style=Style{hasParent=false, color=null, bold=null, italic=null, underlined=null, obfuscated=null, clickEvent=null, hoverEvent=null, insertion=null}}
[02:10:53] [Server thread/INFO]: Sir_Jhaeros left the game
[02:12:45] [Server thread/INFO]: Saving...
[02:12:45] [Server thread/INFO]: Saved the world
